<?xml version="1.0" encoding="UTF-8"?>
<!-- Generated by org.testng.reporters.JUnitXMLReporter -->
<testsuite ignored="0" hostname="ARSU_2831" failures="1" tests="1" name="Test" time="0.021" errors="0" timestamp="2024-11-16T10:25:40 IST">
  <testcase classname="tes.dataTest" name="test01" time="0.012">
    <failure type="java.io.FileNotFoundException" message="C:\Users\chinn\selenium-sept\tes\src\test\java\tes\test.json (The system cannot find the file specified)">
      <![CDATA[java.io.FileNotFoundException: C:\Users\chinn\selenium-sept\tes\src\test\java\tes\test.json (The system cannot find the file specified)
at java.base/java.io.FileInputStream.open0(Native Method)
at java.base/java.io.FileInputStream.open(FileInputStream.java:213)
at java.base/java.io.FileInputStream.<init>(FileInputStream.java:152)
at java.base/java.io.FileInputStream.<init>(FileInputStream.java:106)
at java.base/java.io.FileReader.<init>(FileReader.java:60)
at tes.dataTest.test01(dataTest.java:19)
at java.base/java.util.concurrent.Executors$RunnableAdapter.call(Executors.java:572)
at java.base/java.util.concurrent.FutureTask.run(FutureTask.java:317)
at java.base/java.util.concurrent.ThreadPoolExecutor.runWorker(ThreadPoolExecutor.java:1144)
at java.base/java.util.concurrent.ThreadPoolExecutor$Worker.run(ThreadPoolExecutor.java:642)
at java.base/java.lang.Thread.run(Thread.java:1583)
... Removed 11 stack frames]]>
    </failure>
  </testcase> <!-- test01 -->
</testsuite> <!-- Test -->
